android/build/intermediates/manifest_merge_blame_file/debug/processDebugMainManifest/manifest-merger-blame-debug-report.txt
1<?xml version="1.0" encoding="utf-8"?>
2<manifest xmlns:android="http://schemas.android.com/apk/res/android"
3    package="com.example.android"
4    android:versionCode="1"
5    android:versionName="1.0" >
6
7    <uses-sdk
7-->raylib-go-android/android/AndroidManifest.xml:6:5-74
8        android:minSdkVersion="16"
8-->raylib-go-android/android/AndroidManifest.xml:6:15-41
9        android:targetSdkVersion="34" />
9-->raylib-go-android/android/AndroidManifest.xml:6:42-71
10
11    <uses-feature
11-->raylib-go-android/android/AndroidManifest.xml:7:5-78
12        android:glEsVersion="0x00020000"
12-->raylib-go-android/android/AndroidManifest.xml:7:19-51
13        android:required="true" />
13-->raylib-go-android/android/AndroidManifest.xml:7:52-75
14
15    <!-- We do not have Java code. Therefore android:hasCode is set to false. -->
16    <application
16-->raylib-go-android/android/AndroidManifest.xml:10:5-30:19
17        android:allowBackup="false"
17-->raylib-go-android/android/AndroidManifest.xml:10:18-45
18        android:debuggable="true"
19        android:extractNativeLibs="true"
20        android:hasCode="false"
20-->raylib-go-android/android/AndroidManifest.xml:10:46-69
21        android:icon="@drawable/icon"
21-->raylib-go-android/android/AndroidManifest.xml:12:17-46
22        android:label="@string/app_name"
22-->raylib-go-android/android/AndroidManifest.xml:11:17-49
23        android:theme="@android:style/Theme.Holo.NoActionBar.Fullscreen" >
23-->raylib-go-android/android/AndroidManifest.xml:13:17-81
24
25        <!-- Our activity is the built-in NativeActivity framework class. -->
26        <activity
26-->raylib-go-android/android/AndroidManifest.xml:16:9-28:20
27            android:name="android.app.NativeActivity"
27-->raylib-go-android/android/AndroidManifest.xml:16:19-60
28            android:clearTaskOnLaunch="true"
28-->raylib-go-android/android/AndroidManifest.xml:20:17-49
29            android:configChanges="orientation|keyboardHidden|screenSize"
29-->raylib-go-android/android/AndroidManifest.xml:18:17-78
30            android:exported="true"
30-->raylib-go-android/android/AndroidManifest.xml:17:17-40
31            android:screenOrientation="landscape" >
31-->raylib-go-android/android/AndroidManifest.xml:19:17-54
32
33            <!-- Tell NativeActivity the name of our .so -->
34            <meta-data
34-->raylib-go-android/android/AndroidManifest.xml:23:13-86
35                android:name="android.app.lib_name"
35-->raylib-go-android/android/AndroidManifest.xml:23:24-59
36                android:value="example" />
36-->raylib-go-android/android/AndroidManifest.xml:23:60-83
37
38            <intent-filter>
38-->raylib-go-android/android/AndroidManifest.xml:24:13-27:29
39                <action android:name="android.intent.action.MAIN" />
39-->raylib-go-android/android/AndroidManifest.xml:25:17-69
39-->raylib-go-android/android/AndroidManifest.xml:25:25-66
40
41                <category android:name="android.intent.category.LAUNCHER" />
41-->raylib-go-android/android/AndroidManifest.xml:26:17-77
41-->raylib-go-android/android/AndroidManifest.xml:26:27-74
42            </intent-filter>
43        </activity>
44    </application>
45
46</manifest>